TN:
SF:src\App.js
FN:13,App
FN:30,handleUserCreation
FN:41,addToCart
FN:58,onChange
FN:63,onChange
FN:68,onChange
FN:73,onChange
FN:93,onClick
FNF:8
FNH:7
FNDA:10,App
FNDA:1,handleUserCreation
FNDA:2,addToCart
FNDA:1,onChange
FNDA:1,onChange
FNDA:1,onChange
FNDA:0,onChange
FNDA:2,onClick
DA:1,1
DA:2,1
DA:3,1
DA:4,1
DA:5,1
DA:6,1
DA:7,1
DA:8,1
DA:9,1
DA:10,1
DA:11,1
DA:12,1
DA:13,1
DA:14,10
DA:15,10
DA:16,10
DA:17,10
DA:18,10
DA:19,10
DA:20,10
DA:21,10
DA:22,10
DA:23,10
DA:24,10
DA:25,10
DA:26,10
DA:27,10
DA:28,10
DA:29,10
DA:30,10
DA:31,1
DA:32,1
DA:33,1
DA:34,0
DA:35,0
DA:36,0
DA:37,1
DA:38,1
DA:39,10
DA:40,10
DA:41,10
DA:42,2
DA:43,10
DA:44,10
DA:45,10
DA:46,10
DA:47,10
DA:48,10
DA:49,10
DA:50,10
DA:51,10
DA:52,10
DA:53,10
DA:54,10
DA:55,10
DA:56,10
DA:57,10
DA:58,10
DA:59,10
DA:60,10
DA:61,10
DA:62,10
DA:63,10
DA:64,10
DA:65,10
DA:66,10
DA:67,10
DA:68,10
DA:69,10
DA:70,10
DA:71,10
DA:72,10
DA:73,10
DA:74,10
DA:75,10
DA:76,10
DA:77,10
DA:78,10
DA:79,10
DA:80,10
DA:81,10
DA:82,10
DA:83,10
DA:84,10
DA:85,10
DA:86,10
DA:87,20
DA:88,20
DA:89,20
DA:90,20
DA:91,20
DA:92,20
DA:93,20
DA:94,20
DA:95,20
DA:96,20
DA:97,10
DA:98,10
DA:99,10
DA:100,10
DA:101,10
DA:102,10
DA:103,10
DA:104,2
DA:105,2
DA:106,2
DA:107,2
DA:108,2
DA:109,10
DA:110,10
DA:111,10
DA:112,10
DA:113,1
DA:114,1
DA:115,1
LF:115
LH:112
BRDA:1,0,0,1
BRDA:13,1,0,10
BRDA:51,2,0,1
BRDA:30,3,0,1
BRDA:33,4,0,0
BRDA:41,5,0,2
BRDA:45,6,0,2
BRDA:58,7,0,1
BRDA:63,8,0,1
BRDA:68,9,0,1
BRDA:86,10,0,20
BRDA:93,11,0,2
BRDA:103,12,0,2
BRF:13
BRH:12
end_of_record
TN:
SF:src\main.js
FN:1,(empty-report)
FNF:1
FNH:0
FNDA:0,(empty-report)
DA:1,0
DA:2,0
DA:3,0
DA:4,0
DA:5,0
DA:6,0
DA:7,0
LF:7
LH:0
BRDA:1,0,0,0
BRF:1
BRH:0
end_of_record
TN:
SF:src\testingSomething.js
FN:23,addProductToCart
FN:32,getFilteredProductsByType
FN:36,calculateTotalPrice
FN:40,createUser
FN:50,sumNumbers
FN:54,getNestedProperty
FN:58,filterProductsByCategory
FN:62,capitalizeProductNames
FN:66,applyDefault
FN:70,validateBoolean
FNF:10
FNH:1
FNDA:0,addProductToCart
FNDA:0,getFilteredProductsByType
FNDA:0,calculateTotalPrice
FNDA:2,createUser
FNDA:0,sumNumbers
FNDA:0,getNestedProperty
FNDA:0,filterProductsByCategory
FNDA:0,capitalizeProductNames
FNDA:0,applyDefault
FNDA:0,validateBoolean
DA:1,1
DA:2,1
DA:3,1
DA:4,1
DA:5,1
DA:6,1
DA:7,1
DA:8,1
DA:9,1
DA:10,1
DA:11,1
DA:12,1
DA:13,1
DA:14,1
DA:15,1
DA:16,1
DA:17,1
DA:18,1
DA:19,1
DA:20,1
DA:21,1
DA:22,1
DA:23,1
DA:24,0
DA:25,0
DA:26,0
DA:27,0
DA:28,0
DA:29,0
DA:30,0
DA:31,1
DA:32,1
DA:33,0
DA:34,0
DA:35,1
DA:36,1
DA:37,0
DA:38,0
DA:39,1
DA:40,1
DA:41,2
DA:42,2
DA:43,2
DA:44,2
DA:45,2
DA:46,2
DA:47,2
DA:48,1
DA:49,1
DA:50,1
DA:51,0
DA:52,0
DA:53,1
DA:54,1
DA:55,0
DA:56,0
DA:57,1
DA:58,1
DA:59,0
DA:60,0
DA:61,1
DA:62,1
DA:63,0
DA:64,0
DA:65,1
DA:66,1
DA:67,0
DA:68,0
DA:69,1
DA:70,1
DA:71,0
DA:72,0
LF:72
LH:49
BRDA:1,0,0,1
BRDA:40,1,0,2
BRDA:44,2,0,1
BRDA:44,3,0,1
BRDA:45,4,0,0
BRF:5
BRH:4
end_of_record
